<?xml version="1.0" encoding="UTF-8"?>
<testng-results ignored="0" total="3" passed="3" failed="0" skipped="0">
  <reporter-output>
  </reporter-output>
  <suite started-at="2026-04-19T16:24:33 EDT" name="EcoDashboard Test Suite" finished-at="2026-04-19T16:24:37 EDT" duration-ms="3725">
    <groups>
    </groups>
    <test started-at="2026-04-19T16:24:33 EDT" name="Feed Cards Tests" finished-at="2026-04-19T16:24:37 EDT" duration-ms="3725">
      <class name="tests.FeedCardsTest">
        <test-method is-config="true" signature="setUp()[pri:0, instance:tests.FeedCardsTest@21e360a]" started-at="2026-04-19T16:24:33 EDT" name="setUp" finished-at="2026-04-19T16:24:34 EDT" duration-ms="809" status="PASS">
          <reporter-output>
          </reporter-output>
        </test-method> <!-- setUp -->
        <test-method is-config="true" signature="initPage()[pri:0, instance:tests.FeedCardsTest@21e360a]" started-at="2026-04-19T16:24:34 EDT" name="initPage" finished-at="2026-04-19T16:24:34 EDT" duration-ms="2" status="PASS">
          <reporter-output>
          </reporter-output>
        </test-method> <!-- initPage -->
        <test-method signature="feedCardLinksAreValidTest()[pri:0, instance:tests.FeedCardsTest@21e360a]" started-at="2026-04-19T16:24:34 EDT" name="feedCardLinksAreValidTest" finished-at="2026-04-19T16:24:35 EDT" duration-ms="585" status="PASS">
          <reporter-output>
          </reporter-output>
        </test-method> <!-- feedCardLinksAreValidTest -->
        <test-method is-config="true" signature="tearDown()[pri:0, instance:tests.FeedCardsTest@21e360a]" started-at="2026-04-19T16:24:35 EDT" name="tearDown" finished-at="2026-04-19T16:24:35 EDT" duration-ms="70" status="PASS">
          <reporter-output>
          </reporter-output>
        </test-method> <!-- tearDown -->
        <test-method is-config="true" signature="setUp()[pri:0, instance:tests.FeedCardsTest@21e360a]" started-at="2026-04-19T16:24:35 EDT" name="setUp" finished-at="2026-04-19T16:24:35 EDT" duration-ms="449" status="PASS">
          <reporter-output>
          </reporter-output>
        </test-method> <!-- setUp -->
        <test-method is-config="true" signature="initPage()[pri:0, instance:tests.FeedCardsTest@21e360a]" started-at="2026-04-19T16:24:35 EDT" name="initPage" finished-at="2026-04-19T16:24:35 EDT" duration-ms="0" status="PASS">
          <reporter-output>
          </reporter-output>
        </test-method> <!-- initPage -->
        <test-method signature="feedCardTitlesAreNotEmptyTest()[pri:0, instance:tests.FeedCardsTest@21e360a]" started-at="2026-04-19T16:24:35 EDT" name="feedCardTitlesAreNotEmptyTest" finished-at="2026-04-19T16:24:36 EDT" duration-ms="593" status="PASS">
          <reporter-output>
          </reporter-output>
        </test-method> <!-- feedCardTitlesAreNotEmptyTest -->
        <test-method is-config="true" signature="tearDown()[pri:0, instance:tests.FeedCardsTest@21e360a]" started-at="2026-04-19T16:24:36 EDT" name="tearDown" finished-at="2026-04-19T16:24:36 EDT" duration-ms="68" status="PASS">
          <reporter-output>
          </reporter-output>
        </test-method> <!-- tearDown -->
        <test-method is-config="true" signature="setUp()[pri:0, instance:tests.FeedCardsTest@21e360a]" started-at="2026-04-19T16:24:36 EDT" name="setUp" finished-at="2026-04-19T16:24:37 EDT" duration-ms="469" status="PASS">
          <reporter-output>
          </reporter-output>
        </test-method> <!-- setUp -->
        <test-method is-config="true" signature="initPage()[pri:0, instance:tests.FeedCardsTest@21e360a]" started-at="2026-04-19T16:24:37 EDT" name="initPage" finished-at="2026-04-19T16:24:37 EDT" duration-ms="1" status="PASS">
          <reporter-output>
          </reporter-output>
        </test-method> <!-- initPage -->
        <test-method signature="feedCardsArePresentTest()[pri:0, instance:tests.FeedCardsTest@21e360a]" started-at="2026-04-19T16:24:37 EDT" name="feedCardsArePresentTest" finished-at="2026-04-19T16:24:37 EDT" duration-ms="539" status="PASS">
          <reporter-output>
          </reporter-output>
        </test-method> <!-- feedCardsArePresentTest -->
        <test-method is-config="true" signature="tearDown()[pri:0, instance:tests.FeedCardsTest@21e360a]" started-at="2026-04-19T16:24:37 EDT" name="tearDown" finished-at="2026-04-19T16:24:37 EDT" duration-ms="67" status="PASS">
          <reporter-output>
          </reporter-output>
        </test-method> <!-- tearDown -->
      </class> <!-- tests.FeedCardsTest -->
    </test> <!-- Feed Cards Tests -->
  </suite> <!-- EcoDashboard Test Suite -->
</testng-results>
