<?xml version="1.0" encoding="UTF-8"?>
<!-- Generated by org.testng.reporters.JUnitReportReporter -->
<testsuite hostname="parrot" failures="0" tests="3" name="tests.FeedCardsTest" time="3.652" errors="0" timestamp="2026-04-19T16:24:37 EDT" skipped="0">
  <testcase classname="tests.FeedCardsTest" name="feedCardLinksAreValidTest" time="1.466"/>
  <testcase classname="tests.FeedCardsTest" name="feedCardsArePresentTest" time="1.076"/>
  <testcase classname="tests.FeedCardsTest" name="feedCardTitlesAreNotEmptyTest" time="1.110"/>
</testsuite> <!-- tests.FeedCardsTest -->
