<?xml version="1.0" encoding="UTF-8"?>
<!-- Generated by org.testng.reporters.JUnitXMLReporter -->
<testsuite ignored="0" hostname="parrot" failures="0" tests="3" name="Feed Cards Tests" time="3.725" errors="0" timestamp="2026-04-19T16:24:37 EDT">
  <testcase classname="tests.FeedCardsTest" name="feedCardLinksAreValidTest" time="0.585"/>
  <testcase classname="tests.FeedCardsTest" name="feedCardTitlesAreNotEmptyTest" time="0.593"/>
  <testcase classname="tests.FeedCardsTest" name="feedCardsArePresentTest" time="0.539"/>
</testsuite> <!-- Feed Cards Tests -->
